2023-05-21 13:14:40 [::1][-][-][error][application] Could not parse HumHub API response! Curl error: #35 - OpenSSL SSL_connect: Connection was reset in connection to api.humhub.com:443 
    in D:\Softwares\xampp\htdocs\humhub-1.14.0\protected\humhub\modules\admin\libs\HumHubAPI.php:44
    in D:\Softwares\xampp\htdocs\humhub-1.14.0\protected\humhub\modules\marketplace\components\OnlineModuleManager.php:208
    in D:\Softwares\xampp\htdocs\humhub-1.14.0\protected\humhub\modules\installer\controllers\ConfigController.php:202
2023-05-21 13:14:16 [::1][-][-][info][application] $_GET = [
    'r' => 'installer/config/modules'
]

$_SERVER = [
    'MIBDIRS' => 'D:/Softwares/xampp/php/extras/mibs'
    'MYSQL_HOME' => '\\xampp\\mysql\\bin'
    'OPENSSL_CONF' => 'D:/Softwares/xampp/apache/bin/openssl.cnf'
    'PHP_PEAR_SYSCONF_DIR' => '\\xampp\\php'
    'PHPRC' => '\\xampp\\php'
    'TMP' => '\\xampp\\tmp'
    'HTTP_HOST' => 'localhost'
    'HTTP_CONNECTION' => 'keep-alive'
    'HTTP_CACHE_CONTROL' => 'max-age=0'
    'HTTP_UPGRADE_INSECURE_REQUESTS' => '1'
    'HTTP_USER_AGENT' => 'Mozilla/5.0 (Windows NT 10.0; Win64; x64) AppleWebKit/537.36 (KHTML, like Gecko) Chrome/113.0.0.0 Safari/537.36'
    'HTTP_ACCEPT' => 'text/html,application/xhtml+xml,application/xml;q=0.9,image/avif,image/webp,image/apng,*/*;q=0.8,application/signed-exchange;v=b3;q=0.7'
    'HTTP_SEC_FETCH_SITE' => 'same-origin'
    'HTTP_SEC_FETCH_MODE' => 'navigate'
    'HTTP_SEC_FETCH_USER' => '?1'
    'HTTP_SEC_FETCH_DEST' => 'document'
    'HTTP_SEC_CH_UA' => '\"Google Chrome\";v=\"113\", \"Chromium\";v=\"113\", \"Not-A.Brand\";v=\"24\"'
    'HTTP_SEC_CH_UA_MOBILE' => '?0'
    'HTTP_SEC_CH_UA_PLATFORM' => '\"Windows\"'
    'HTTP_REFERER' => 'http://localhost/humhub-1.14.0/index.php?r=installer%2Fconfig%2Fuse-case'
    'HTTP_ACCEPT_ENCODING' => 'gzip, deflate, br'
    'HTTP_ACCEPT_LANGUAGE' => 'en-US,en;q=0.9,fa;q=0.8'
    'HTTP_COOKIE' => '_identity=e64de4da901e5997a86d03ee25d20d1fea4b2fd0db5d287d0f1885bf91de3e15a%3A2%3A%7Bi%3A0%3Bs%3A9%3A%22_identity%22%3Bi%3A1%3Bs%3A46%3A%22%5B1%2C%22cnCrETg6FNKU3ihWHg9pGxnzawBXQMiv%22%2C2592000%5D%22%3B%7D; XSRF-TOKEN=3d88p9b621o3ser9bl8ijgnuau; JWT-SESSION=eyJhbGciOiJIUzI1NiJ9.eyJsYXN0UmVmcmVzaFRpbWUiOjE2ODQ2NjU1NDQzMDgsInhzcmZUb2tlbiI6IjNkODhwOWI2MjFvM3NlcjlibDhpamdudWF1IiwianRpIjoiQVlnOWhPcEF1OWlVTDR3QVZpRmIiLCJzdWIiOiJBWWdsWUZfdXNhNnpNak9nV3czZyIsImlhdCI6MTY4NDY1OTMwMCwiZXhwIjoxNjg0OTI0NzQ0fQ.JkGTfi_tk3vxBwyaYRXIoCTeOWzjKFfnTss5ZINhVp4; _csrf=d697043c25fd596ff55d5ebaa3988f1dc34ac0a998f44b96f2ff1188041af785a%3A2%3A%7Bi%3A0%3Bs%3A5%3A%22_csrf%22%3Bi%3A1%3Bs%3A32%3A%22QF6nA6Em6A-UQc-55XHO7aBHnLgy_JCN%22%3B%7D'
    'PATH' => 'C:\\Program Files\\Common Files\\Oracle\\Java\\javapath;C:\\Windows\\system32;C:\\Windows;C:\\Windows\\System32\\Wbem;C:\\Windows\\System32\\WindowsPowerShell\\v1.0\\;C:\\Windows\\System32\\OpenSSH\\;C:\\Program Files (x86)\\NVIDIA Corporation\\PhysX\\Common;C:\\Program Files\\NVIDIA Corporation\\NVIDIA NvDLISR;C:\\WINDOWS\\system32;C:\\WINDOWS;C:\\WINDOWS\\System32\\Wbem;C:\\WINDOWS\\System32\\WindowsPowerShell\\v1.0\\;C:\\WINDOWS\\System32\\OpenSSH\\;C:\\Program Files\\Git\\cmd;D:\\Softwares\\Active HDL\\bin;C:\\Program Files\\Java\\jdk-20\\bin;C:\\Program Files\\dotnet\\;D:\\Softwares\\xampp\\php;C:\\ProgramData\\ComposerSetup\\bin;D:\\Softwares\\Python\\Scripts\\;D:\\Softwares\\Python\\;C:\\Users\\www.SibeGilan.com\\AppData\\Local\\Microsoft\\WindowsApps;D:\\Softwares\\Microsoft VS Code\\bin;D:\\Softwares\\jflex-1.9.1\\bin;C:\\Users\\www.SibeGilan.com\\AppData\\Roaming\\Composer\\vendor\\bin;C:\\Users\\www.SibeGilan.com\\AppData\\Local\\GitHubDesktop\\bin'
    'SystemRoot' => 'C:\\WINDOWS'
    'COMSPEC' => 'C:\\WINDOWS\\system32\\cmd.exe'
    'PATHEXT' => '.COM;.EXE;.BAT;.CMD;.VBS;.VBE;.JS;.JSE;.WSF;.WSH;.MSC'
    'WINDIR' => 'C:\\WINDOWS'
    'SERVER_SIGNATURE' => '<address>Apache/2.4.48 (Win64) OpenSSL/1.1.1k PHP/7.4.20 Server at localhost Port 80</address>
'
    'SERVER_SOFTWARE' => 'Apache/2.4.48 (Win64) OpenSSL/1.1.1k PHP/7.4.20'
    'SERVER_NAME' => 'localhost'
    'SERVER_ADDR' => '::1'
    'SERVER_PORT' => '80'
    'REMOTE_ADDR' => '::1'
    'DOCUMENT_ROOT' => 'D:/Softwares/xampp/htdocs'
    'REQUEST_SCHEME' => 'http'
    'CONTEXT_PREFIX' => ''
    'CONTEXT_DOCUMENT_ROOT' => 'D:/Softwares/xampp/htdocs'
    'SERVER_ADMIN' => 'postmaster@localhost'
    'SCRIPT_FILENAME' => 'D:/Softwares/xampp/htdocs/humhub-1.14.0/index.php'
    'REMOTE_PORT' => '54452'
    'GATEWAY_INTERFACE' => 'CGI/1.1'
    'SERVER_PROTOCOL' => 'HTTP/1.1'
    'REQUEST_METHOD' => 'GET'
    'QUERY_STRING' => 'r=installer%2Fconfig%2Fmodules'
    'REQUEST_URI' => '/humhub-1.14.0/index.php?r=installer%2Fconfig%2Fmodules'
    'SCRIPT_NAME' => '/humhub-1.14.0/index.php'
    'PHP_SELF' => '/humhub-1.14.0/index.php'
    'REQUEST_TIME_FLOAT' => 1684667656.1574
    'REQUEST_TIME' => 1684667656
]
2023-05-21 13:22:38 [::1][1][-][error][application] Could not parse HumHub API response! Curl error: #35 - OpenSSL SSL_connect: Connection was reset in connection to api.humhub.com:443 
    in D:\Softwares\xampp\htdocs\humhub-1.14.0\protected\humhub\modules\admin\libs\HumHubAPI.php:44
    in D:\Softwares\xampp\htdocs\humhub-1.14.0\protected\humhub\modules\marketplace\components\OnlineModuleManager.php:208
    in D:\Softwares\xampp\htdocs\humhub-1.14.0\protected\humhub\modules\marketplace\components\OnlineModuleManager.php:250
2023-05-21 13:22:17 [::1][1][-][info][application] $_GET = [
    'r' => 'admin/module/list'
]

$_SERVER = [
    'MIBDIRS' => 'D:/Softwares/xampp/php/extras/mibs'
    'MYSQL_HOME' => '\\xampp\\mysql\\bin'
    'OPENSSL_CONF' => 'D:/Softwares/xampp/apache/bin/openssl.cnf'
    'PHP_PEAR_SYSCONF_DIR' => '\\xampp\\php'
    'PHPRC' => '\\xampp\\php'
    'TMP' => '\\xampp\\tmp'
    'HTTP_HOST' => 'localhost'
    'HTTP_CONNECTION' => 'keep-alive'
    'HTTP_CACHE_CONTROL' => 'max-age=0'
    'HTTP_SEC_CH_UA' => '\"Google Chrome\";v=\"113\", \"Chromium\";v=\"113\", \"Not-A.Brand\";v=\"24\"'
    'HTTP_ACCEPT' => 'text/html,application/xhtml+xml,application/xml;q=0.9,image/avif,image/webp,image/apng,*/*;q=0.8,application/signed-exchange;v=b3;q=0.7'
    'HTTP_SEC_CH_UA_MOBILE' => '?0'
    'HTTP_UPGRADE_INSECURE_REQUESTS' => '1'
    'HTTP_USER_AGENT' => 'Mozilla/5.0 (Windows NT 10.0; Win64; x64) AppleWebKit/537.36 (KHTML, like Gecko) Chrome/113.0.0.0 Safari/537.36'
    'HTTP_SEC_CH_UA_PLATFORM' => '\"Windows\"'
    'HTTP_SEC_FETCH_SITE' => 'same-origin'
    'HTTP_SEC_FETCH_MODE' => 'navigate'
    'HTTP_SEC_FETCH_DEST' => 'empty'
    'HTTP_REFERER' => 'http://localhost/humhub-1.14.0/index.php?r=admin%2Fmodule%2Flist'
    'HTTP_ACCEPT_ENCODING' => 'gzip, deflate, br'
    'HTTP_ACCEPT_LANGUAGE' => 'en-US,en;q=0.9,fa;q=0.8'
    'HTTP_COOKIE' => 'XSRF-TOKEN=3d88p9b621o3ser9bl8ijgnuau; JWT-SESSION=eyJhbGciOiJIUzI1NiJ9.eyJsYXN0UmVmcmVzaFRpbWUiOjE2ODQ2NjU1NDQzMDgsInhzcmZUb2tlbiI6IjNkODhwOWI2MjFvM3NlcjlibDhpamdudWF1IiwianRpIjoiQVlnOWhPcEF1OWlVTDR3QVZpRmIiLCJzdWIiOiJBWWdsWUZfdXNhNnpNak9nV3czZyIsImlhdCI6MTY4NDY1OTMwMCwiZXhwIjoxNjg0OTI0NzQ0fQ.JkGTfi_tk3vxBwyaYRXIoCTeOWzjKFfnTss5ZINhVp4; PHPSESSID=lds0r64p0t51eunoob541dtb54; _identity=c8b6612677cff45987dc1391943ab769048aa715b4fe08bd7927e94b59e371f7a%3A2%3A%7Bi%3A0%3Bs%3A9%3A%22_identity%22%3Bi%3A1%3Bs%3A46%3A%22%5B1%2C%22wl8sRbB0UXRckxJZhICsm_mUo5PMpBfS%22%2C2592000%5D%22%3B%7D; _csrf=5dbb5f5faa9cf57e8ec9727993d10be0377fe60289ee19204af4079ccfda5e20a%3A2%3A%7Bi%3A0%3Bs%3A5%3A%22_csrf%22%3Bi%3A1%3Bs%3A32%3A%22IwKeQDAujftUDojgk9wkoxkWufB6nEht%22%3B%7D'
    'PATH' => 'C:\\Program Files\\Common Files\\Oracle\\Java\\javapath;C:\\Windows\\system32;C:\\Windows;C:\\Windows\\System32\\Wbem;C:\\Windows\\System32\\WindowsPowerShell\\v1.0\\;C:\\Windows\\System32\\OpenSSH\\;C:\\Program Files (x86)\\NVIDIA Corporation\\PhysX\\Common;C:\\Program Files\\NVIDIA Corporation\\NVIDIA NvDLISR;C:\\WINDOWS\\system32;C:\\WINDOWS;C:\\WINDOWS\\System32\\Wbem;C:\\WINDOWS\\System32\\WindowsPowerShell\\v1.0\\;C:\\WINDOWS\\System32\\OpenSSH\\;C:\\Program Files\\Git\\cmd;D:\\Softwares\\Active HDL\\bin;C:\\Program Files\\Java\\jdk-20\\bin;C:\\Program Files\\dotnet\\;D:\\Softwares\\xampp\\php;C:\\ProgramData\\ComposerSetup\\bin;D:\\Softwares\\Python\\Scripts\\;D:\\Softwares\\Python\\;C:\\Users\\www.SibeGilan.com\\AppData\\Local\\Microsoft\\WindowsApps;D:\\Softwares\\Microsoft VS Code\\bin;D:\\Softwares\\jflex-1.9.1\\bin;C:\\Users\\www.SibeGilan.com\\AppData\\Roaming\\Composer\\vendor\\bin;C:\\Users\\www.SibeGilan.com\\AppData\\Local\\GitHubDesktop\\bin'
    'SystemRoot' => 'C:\\WINDOWS'
    'COMSPEC' => 'C:\\WINDOWS\\system32\\cmd.exe'
    'PATHEXT' => '.COM;.EXE;.BAT;.CMD;.VBS;.VBE;.JS;.JSE;.WSF;.WSH;.MSC'
    'WINDIR' => 'C:\\WINDOWS'
    'SERVER_SIGNATURE' => '<address>Apache/2.4.48 (Win64) OpenSSL/1.1.1k PHP/7.4.20 Server at localhost Port 80</address>
'
    'SERVER_SOFTWARE' => 'Apache/2.4.48 (Win64) OpenSSL/1.1.1k PHP/7.4.20'
    'SERVER_NAME' => 'localhost'
    'SERVER_ADDR' => '::1'
    'SERVER_PORT' => '80'
    'REMOTE_ADDR' => '::1'
    'DOCUMENT_ROOT' => 'D:/Softwares/xampp/htdocs'
    'REQUEST_SCHEME' => 'http'
    'CONTEXT_PREFIX' => ''
    'CONTEXT_DOCUMENT_ROOT' => 'D:/Softwares/xampp/htdocs'
    'SERVER_ADMIN' => 'postmaster@localhost'
    'SCRIPT_FILENAME' => 'D:/Softwares/xampp/htdocs/humhub-1.14.0/index.php'
    'REMOTE_PORT' => '54805'
    'GATEWAY_INTERFACE' => 'CGI/1.1'
    'SERVER_PROTOCOL' => 'HTTP/1.1'
    'REQUEST_METHOD' => 'GET'
    'QUERY_STRING' => 'r=admin%2Fmodule%2Flist'
    'REQUEST_URI' => '/humhub-1.14.0/index.php?r=admin%2Fmodule%2Flist'
    'SCRIPT_NAME' => '/humhub-1.14.0/index.php'
    'PHP_SELF' => '/humhub-1.14.0/index.php'
    'REQUEST_TIME_FLOAT' => 1684668137.5079
    'REQUEST_TIME' => 1684668137
]
